83
5
7
1
58
7
1
25
1
14
9
38
25
54
2
-1
57
66
100
2
27
-1
18
2
4
7
-1
-1
2
4
41
6
2
10
11
23
2
11
3
1
16
111
61
3
1
18
12
1
13
11
35
10
39
1
27
1
11
-1
24
17
141
2
13
7
1
8
21
20
54
-1
17
-1
7
279
7
12
-1
20
40
10
20
1
56
3
-1
8
7
5
-1
3
5
-1
-1
63
5
114
9
36
47
30
58
3
4
25
16
53
-1
22
126
4
1
2
12
216
3
14
-1
3
8
75
46
218
22
49
1
11
5
5
5
12
3
24
4
1
2
-1
-1
39
77
-1
21
-1
5
2
1
137
19
109
33
11
2
35
41
2
100
15
22
10
-1
25
46
1
49
693
19
3
111
24
20
4
63
2
4
34
7
-1
223
11
11
5
170
38
83
108
16
12
10
35
1
21
17
-1
-1
2
2
10
12
8
21
10
-1
16
7
36
-1
4
-1
3
2
44
-1
2
28
1
8
20
37
57
28
31
25
18
-1
4
5
50
14
16
15
2
20
3
97
8
95
2
6
-1
-1
490
70
61
3
3
8
11
4
4
11
-1
47
-1
46
2
2
-1
70
43
-1
-1
7
1
5
-1
16
59
-1
8
3
-1
72
9
45
4
-1
-1
8
2
478
-1
-1
28
40
-1
22
31
-1
-1
16
3
32
-1
2
76
96
37
-1
17
43
3
-1
167
7
12
-1
4
13
2
2
38
22
1
-1
22
17
15
-1
4
4
-1
42
1
3
1
193
1
2
3
3
-1
8
4
1
18
6
8
6
31
28
3
-1
95
8
-1
11
-1
1
36
36
-1
1
7
12
6
237
14
33
1
8
52
3
1
46
6
1
7
5
112
30
41
6
32
2
1
13
-1
12
68
7
-1
-1
4
81
6
2
3
1
-1
10
51
12
36
34
68
-1
28
19
34
5
11
42
-1
12
19
120
28
23
-1
12
20
13
16
18
-1
1
7
48
19
7
13
3
601
91
6
19
-1
4
-1
15
2
2
2
-1
1
9
236
93
135
1
12
-1
2
53
47
4
2
9
1
129
32
20
9
2
2
5
1
4
1
16
24
1
8
21
39
29
47
15
8
1
30
1
-1
28
1
13
-1
42
7
12
-1
1
48
27
1
3
12
3
19
2
-1
23
12
47
66
-1
29
2
3
6
35
28
15
12
2
19
-1
1
8
12
30
15
7
1
12
3
-1
15
29
3
-1
38
-1
-1
3
2
20
1
1
97
16
-1
35
24
8
25
81
42
-1
17
4
46
47
12
1
2
11
44
10
15
9
1
32
1
1
33
-1
3
301
-1
7
27
3
8
3
4
2
9
2
1
109
7
-1
14
10
22
4
-1
1
25
2
27
1
7
7
5
1
32
60
38
4
7
62
33
1
9
89
19
234
84
14
2
5
18
2
-1
7
26
31
289
-1
3
1
26
42
-1
-1
16
35
20
14
31
1
8
868
61
-1
53
1
49
7
2
28
-1
3
3
6
3
-1
11
1
12
22
11
19
-1
44
5
37
20
9
1
1
54
10
1
5
18
3
15
2
6
3
1
13
44
9
282
-1
49
401
4
-1
-1
5
6
2
58
25
10
25
26
98
4
-1
4
8
76
2
-1
96
2
27
2
-1
4
5
43
31
1
11
31
1
14
9
20
42
-1
48
7
10
2
21
1
-1
18
4
-1
8
78
-1
2
22
11
14
-1
50
-1
1
12
42
5
25
-1
38
111
-1
39
2
6
7
61
-1
26
19
4
-1
17
1
69
126
-1
-1
-1
14
219
18
7
-1
110
13
1
46
12
-1
4
25
11
8
6
26
89
36
5
48
21
24
67
-1
9
9
56
23
32
-1
13
4
2
96
9
9
1
13
4
-1
10
15
2
1
35
14
3
39
-1
31
21
84
26
3
4
1
10
16
3
-1
-1
17
-1
65
8
1
1
14
279
8
31
-1
46
-1
103
14
7
3
5
126
698
79
9
-1
15
2
61
1
59
22
15
-1
7
22
25
116
1
12
42
29
-1
7
2
19
21
23
-1
29
93
10
1
15
13
4
29
11
10
-1
3
314
4
10
1
38
6
4
-1
1
6
39
37
2
-1
5
17
7
53
20
114
-1
12
12
6
20
-1
4
12
5
33
3
61
-1
4
10
10
32
-1
2
8
79
17
192
5
24
21
26
5
5
36
1
4
26
25
11
17
-1
35
8
-1
2
-1
19
12
-1
58
2
1
39
1
10
31
90
23
20
2
1
3
4
-1
8
-1
2
3
24
2
3
30
1
19
2
95
14
12
-1
36
1
-1
-1
1
2
119
21
29
9
32
1
30
65
42
11
46
2
37
2
-1
28
5
3
27
1
44
9
29
2
61
3
2
16
-1
183
-1
6
9
11
5
1
3
8
2
1
-1
27
2
1
31
195
2
-1
57
-1
-1
6
13
136
13
27
47
24
2
2
24
329
102
1
4
1
3
-1
3
25
13
4
64
-1
114
8
20
11
208
12
8
5
72
1
31
45
-1
5
-1
3
38
-1
3
12
2
1
-1
2
6
1
2
290
55
-1
-1
2
62
32
1
10
19
5
-1
-1
-1
19
4
-1
14
684
3
2
2
2
13
-1
183
-1
10
2
85
1
30
37
19
-1
3
41
2
1
4
-1
7
-1
9
11
1
2
-1
469
4
2
15
47
4
13
41
25
36
2
12
33
54
245
1
6
32
316
57
61
7
20
18
1
1
38
208
-1
2
14
-1
19
10
-1
-1
39
39
-1
24
39
13
21
34
17
1
45
2
1
56
6
20
-1
12
55
10
1
30
3
13
6
7
22
-1
14
2
1
1
11
55
1
1
-1
24
15
-1
2
