78
104
2
17
2
16
-1
5
8
10
6
2
17
-1
-1
10
75
7
106
27
10
181
19
4
12
27
5
2
2
14
1
9
63
12
6
17
-1
44
8
3
2
10
11
92
-1
13
4
3
409
17
3
18
-1
21
1
64
4
5
16
14
2
23
46
8
5
25
2
6
16
2
-1
23
7
22
3
2
-1
29
11
41
10
5
17
3
2
9
10
-1
115
56
1
5
75
85
94
1
5
9
276
2
10
1
-1
35
2
47
24
7
2
-1
22
3
5
55
4
1
124
1150
12
4
-1
-1
1
69
8
1
6
12
-1
1
3
-1
5
2
2
30
205
-1
6
34
20
25
-1
25
15
44
7
215
22
10
1
10
16
-1
2
46
7
30
16
-1
-1
1
9
4
30
-1
9
1
25
13
11
12
193
31
7
7
17
1
14
1
14
8
37
7
1
-1
135
17
11
4
15
84
59
6
2
43
-1
-1
13
-1
16
2
47
122
16
5
2
1
252
13
23
3
156
-1
4
4
245
68
84
11
7
5
67
3
71
4
3
724
5
12
13
1
1
1
7
2
15
-1
9
-1
16
245
-1
2
5
8
21
98
57
22
1
3
15
222
49
-1
11
-1
9
-1
5
3
47
10
-1
1
79
79
7
17
8
58
3
3
38
34
6
5
3
196
-1
25
13
196
35
69
1
3
-1
34
12
16
1
8
4
-1
3
-1
74
35
8
3
16
6
44
7
12
22
1
4
3
-1
52
9
8
3
12
2
5
36
2
120
12
-1
-1
8
4
8
2
1
37
72
179
-1
3
-1
-1
5
13
2
2
27
6
2
8
5
1
106
11
-1
4
13
11
32
21
13
8
2
2
28
21
47
8
2
86
27
-1
9
1
321
17
-1
1
-1
17
-1
10
3
7
2
1
41
69
285
2
60
519
18
204
4
144
-1
1
54
749
1
2
571
19
17
1
1
9
4
285
7
-1
3
162
14
2
10
30
5
2
8
24
5
15
9
4
-1
56
7
6
33
7
20
2
45
9
31
7
1
56
-1
1
-1
1
8
17
207
15
42
16
37
41
-1
39
2
26
3
-1
1
17
5
-1
15
84
2
3
26
13
99
1
74
9
24
15
7
38
-1
34
22
-1
67
-1
9
1
29
34
4
2
618
2
3
48
2
48
12
1
3
10
11
-1
51
-1
13
53
20
33
2
41
3
48
1
21
-1
5
18
15
3
6
2
6
60
7
20
35
-1
39
-1
13
-1
74
13
-1
128
51
40
6
23
46
63
1
48
5
1
36
3
-1
9
9
15
3
5
3
60
21
-1
90
23
-1
-1
14
21
5
4
8
16
1
12
-1
11
15
4
-1
461
219
10
-1
163
5
1
10
18
-1
24
-1
6
3
3
24
9
18
98
4
14
182
8
19
11
13
5
10
20
-1
11
17
25
3
6
22
2
46
19
123
2
9
36
2
-1
-1
2
3
36
2
19
7
-1
10
14
5
27
2
1
10
238
14
64
-1
16
5
3
41
6
4
40
7
13
1
31
-1
18
15
-1
-1
-1
3
-1
44
-1
-1
9
-1
19
1
7
17
45
4
12
59
-1
-1
-1
19
-1
35
-1
9
26
36
10
2
3
-1
19
19
12
332
13
1
4
3
2
129
35
24
474
8
7
9
2
6
3
6
1
2
-1
4
15
5
67
-1
2
1
11
26
10
15
-1
3
23
-1
41
15
6
1
42
15
52
13
15
6
-1
12
46
-1
1
10
14
2
26
11
19
189
12
5
1
31
1
-1
48
75
8
30
2
12
6
61
2
26
2
37
10
134
26
21
33
8
-1
-1
-1
33
6
-1
6
-1
98
21
6
11
5
40
29
156
12
6
1
14
14
121
-1
3
-1
57
21
2
10
3
-1
12
36
4
57
22
-1
1
6
14
2
-1
6
95
43
7
2
30
5
44
21
8
35
12
89
9
-1
7
5
3
3
61
-1
2
21
5
-1
3
20
12
1
119
19
10
5
235
4
43
5
2
6
-1
11
4
-1
61
337
-1
11
-1
11
58
6
-1
21
87
1
2
24
9
12
4
-1
5
1
6
43
11
24
-1
4
46
100
61
6
136
40
10
5
4
117
90
-1
-1
55
28
3
12
15
19
11
5
287
1
3
10
-1
30
3
-1
49
-1
2
7
11
5
-1
11
19
-1
64
25
8
2
3
7
19
49
1
6
30
8
10
7
42
11
1
2
1
4
15
3
23
20
23
-1
-1
1
11
3
4
7
20
26
27
5
1
-1
4
37
1
2
3
60
12
12
2
1
1
55
28
43
1
156
11
5
1
-1
20
306
34
26
9
4
-1
3
1
12
114
1
10
-1
-1
22
-1
6
8
2
41
4
89
12
48
39
47
1
-1
9
3
29
8
73
50
16
-1
18
-1
4
20
1
84
-1
6
-1
-1
16
5
51
1
7
1
-1
45
140
32
193
42
1
4
1
-1
1
4
1
-1
6
-1
3
1
5
28
13
8
1
13
4
1
1
6
2
-1
54
3
1
2
3
71
33
1
35
1
3
11
55
25
10
45
2
5
22
24
15
1
5
7
48
-1
1
81
25
16
75
2
85
-1
-1
23
-1
3
4
-1
3
42
13
3
37
4
10
5
35
19
91
15
16
45
1
3
2
33
1
40
4
9
27
-1
22
24
13
1
18
17
17
2
24
16
87
2
28
17
-1
2
14
-1
1
138
3
7
29
53
18
1
34
4
13
-1
6
2
1
71
5
32
38
4
4
13
32
-1
40
3
3
-1
3
2
210
14
7
5
10
-1
5
25
33
55
38
68
26
20
650
20
9
22
26
24
50
-1
-1
-1
1
-1
14
6
-1
15
1
10
1
3
36
152
