11
32
2
4
7
10
141
5
27
4
11
1
51
36
1
131
13
2
2
33
2
136
200
184
9
14
39
5
12
7
89
2
1
10
56
27
41
-1
58
14
39
5
11
21
11
29
9
1
21
7
7
1
2
4
31
1
19
-1
9
5
26
24
28
12
19
68
1
18
18
4
58
26
4
13
26
1
5
37
5
35
1
12
1
57
2
31
2
18
21
132
7
59
8
-1
1
71
1
124
347
17
4
9
479
4
8
10
4
31
-1
-1
-1
-1
-1
-1
-1
-1
-1
-1
-1
-1
2
7
1
8
4
71
12
11
59
15
5
2
2
19
13
17
31
18
5
-1
3
8
3
3
7
1
186
6
34
2
19
1
3
-1
10
6
1
4
17
61
108
19
42
1
3
8
7
124
13
1
13
1
10
1
20
5
1
10
26
210
31
60
16
3
3
24
27
1
9
14
9
10
40
37
4
21
45
42
34
84
3
16
2
11
26
60
5
1
7
15
1
2
7
61
5
13
3
27
10
63
34
18
12
2
-1
9
-1
-1
-1
-1
-1
-1
-1
-1
-1
-1
-1
-1
-1
-1
7
6
1
7
26
5
3
13
1
40
63
3
17
6
83
11
7
40
64
23
63
112
56
3
1
29
87
12
15
-1
61
4
19
2
5
92
13
-1
1
40
14
19
-1
32
36
7
35
55
55
34
8
1
11
38
8
7
4
212
11
7
13
12
1
21
5
16
43
29
9
20
6
21
4
39
1
3
20
15
14
2
5
-1
3
-1
2
12
1
-1
7
404
12
16
62
7
36
6
1
9
7
2
2
2
17
-1
-1
-1
-1
-1
-1
-1
-1
-1
-1
-1
-1
-1
-1
-1
-1
-1
3
28
1
1
7
187
20
3
22
58
30
2
1
3
52
14
123
1
4
62
46
2
11
38
14
4
3
21
9
9
7
4
14
32
22
1
28
1
1
20
1
47
-1
24
15
4
2
103
12
26
11
9
18
-1
12
2
1
35
10
1
99
41
4
1
2
3
1
16
52
37
32
30
88
41
29
1
14
4
5
1
77
28
-1
18
4
4
93
10
3
17
-1
12
13
1
26
3
7
77
1
1
20
3
20
-1
7
2
-1
-1
-1
-1
-1
-1
-1
-1
-1
-1
-1
-1
-1
-1
6
17
1
2
11
7
3
86
11
31
24
33
67
7
4
7
5
6
1
-1
13
90
4
8
211
36
58
107
10
3
19
1
20
11
16
2
41
9
9
32
38
111
2
13
1
2
1
2
52
33
1
12
2
1
1
27
33
4
65
9
2
30
48
4
1
1
6
6
1
8
1
7
5
10
3
51
41
8
52
10
3
20
5
13
12
1
193
1
8
11
48
8
16
47
42
91
19
4
3
27
74
2
34
1
12
47
6
-1
-1
-1
-1
-1
-1
-1
-1
-1
-1
-1
-1
-1
31
64
2
9
47
31
1
1
9
14
7
24
2
1
7
7
41
19
79
1
2
41
8
59
21
5
13
4
4
2
16
49
-1
1
31
39
4
-1
16
34
42
4
9
13
2
14
22
54
1
6
43
9
1
12
28
12
1
208
8
6
13
16
2
5
7
3
62
3
14
18
-1
21
78
8
-1
36
195
5
-1
2
7
3
12
5
21
9
1
17
7
18
7
2
12
3
4
10
1
18
23
3
60
28
4
41
5
54
-1
-1
-1
-1
-1
-1
-1
-1
-1
-1
-1
-1
-1
-1
4
32
13
9
2
17
1
135
4
909
2
50
42
1
1
2
15
14
1
2
5
18
23
6
-1
13
97
2
1
4
278
-1
44
7
3
5
2
7
2
2
143
25
-1
49
15
24
21
23
-1
9
2
31
24
4
-1
61
19
-1
129
1
3
1
6
18
57
12
82
12
20
4
170
249
5
1
2
3
-1
7
9
10
13
38
15
15
19
296
4
6
46
11
4
3
1
11
84
32
108
1
1
21
7
15
18
71
19
18
32
5
61
70
3
35
-1
-1
-1
-1
-1
-1
-1
-1
3
6
18
74
37
2
6
9
3
2
1
15
9
24
2
4
7
3
19
8
1
54
3
21
12
3
30
10
9
20
24
23
62
6
96
6
10
15
1
2
48
22
13
111
4
-1
69
28
221
2
29
2
24
9
12
92
7
6
21
382
106
-1
47
-1
1
3
20
62
46
15
20
64
1
103
150
1
-1
-1
1
24
1
23
39
23
28
11
-1
10
-1
13
10
2
53
21
15
3
56
15
2
5
9
105
1
6
53
35
19
-1
-1
-1
-1
-1
-1
-1
-1
-1
-1
-1
-1
-1
49
6
4
7
9
16
24
38
1
4
11
40
8
26
16
362
1
11
27
9
1
20
-1
6
1
21
450
30
128
66
8
31
4
6
9
10
5
9
4
14
1015
50
1
76
35
46
1
35
3
11
83
5
54
44
30
6
10
55
2
1
1
1
20
32
35
1
1
1
13
6
4
2
2
18
10
30
18
11
5
7
131
4
-1
49
1
10
-1
6
8
4
-1
4
22
6
34
2
32
1
10
18
48
13
3
9
2
13
4
1
1
14
38
30
7
10
1
2
-1
-1
-1
-1
2
28
56
21
1
16
152
12
10
2
77
2
27
23
10
21
18
64
8
44
3
1
1
4
30
32
8
12
2
1
7
25
3
27
3
5
15
150
1
2
34
-1
57
75
16
49
4
7
2
4
43
45
98
9
29
-1
24
67
21
34
29
5
20
13
15
14
15
8
3
12
3
42
9
11
3
4
11
11
2
124
27
48498
1
2
42
33
248
12
3
450
6
1
3
-1
-1
59
6
2
-1
-1
7
53
26
27
26
9
-1
-1
-1
-1
-1
-1
-1
-1
-1
-1
-1
-1
-1
-1
