22
10
12
31
4
2
17
3
9
3
8
36
3
20
-1
2
28
36
62
11
7
87
58
33
753
4
6
92
9
1
32
32
2
1
9
56
8
91
1
7
4
6
22
2
3
1
67
23
2
2
2
8
-1
24
3
44
1
56
30
2
8
1
-1
1
5
-1
10
203
-1
69
32
12
117
8
11
3
-1
31
41
-1
8
-1
5
1
1
29
-1
4
65
2
11
2
37
32
3
14
21
63
-1
1
13
12
2
4
77
3
15
2
15
15
64
-1
-1
-1
-1
-1
-1
-1
-1
-1
31
1
9
36
-1
1
7
25
6
53
13
1
6
14
13
-1
90
6
4
50
6
7
2
7
3
3
12
5
2
14
24
5
12
1
-1
47
16
1
20
33
21
2
-1
19
1
6
2
440
104
35
3
417
2
2
30
5
106
3
7
13
-1
17
20
15
70
8
8
121
53
42
10
7
3
57
6
-1
3
39
35
-1
29
16
1
5
5
79
6
3
3
15
118
5
7
-1
7
33
100
4
103
30
-1
2
3
25
-1
1
2
10
47
3
10
2
14
-1
-1
-1
-1
-1
-1
-1
36
73
6
15
44
7
78
11
15
36
4
2
90
26
1
3
9
34
282
56
22
2
4
10
522
30
32
50
3
3
20
24
5
1
7
10
10
15
22
-1
18
15
59
6
3
1
4
13
4
6
32
5
-1
2
3
-1
12
63
1
-1
6
13
43
5
6
12
10
9
43
70
4
3
26
18
15
9
5
-1
14
1
1
1
3
4
25
-1
81
-1
35
-1
52
7
2
3
64
39
4
119
27
3
5
-1
3
3
34
-1
5
2
2
17
13
19
18
2
-1
-1
-1
-1
-1
-1
89
9
8
28
107
24
4
33
6
42
26
29
27
47
23
7
4
10
23
3
179
25
6
4
27
9
56
3
29
45
1
5
34
57
12
9
45
1
3
4
4
11
18
15
3
20
-1
56
23
49
-1
4
14
4
49
50
34
-1
3
-1
50
8
28
3
5
107
14
41
-1
198
25
14
72
5
1
10
48
-1
65
5
38
-1
112
-1
6
96
8
68
-1
13
19
9
52
3
86
62
5
97
7
88
3
23
12
80
458
2
-1
3
1
42
4
1
4
-1
-1
-1
-1
-1
-1
-1
-1
14
62
-1
2
3
220
12
252
7
100
52
4
2
50
13
-1
44
25
11
1
7
19
8
25
25
14
7
1
35
5
8
38
51
172
2
10
2
13
3
1
-1
11
93
3
1
1
16
7
78
95
114
4
-1
42
124
17
43
15
12
1
51
17
29
-1
13
-1
102
6
5
4
7
3
1
1
16
1
39
35
2
97
9
8
9
20
8
4
7
26
79
16
2
12
1
27
1
16
1
1
8
-1
46
-1
16
20
-1
25
4
4
2
-1
59
-1
-1
-1
-1
-1
-1
-1
-1
21
16
24
11
21
8
7
5
2
15
5
8
20
8
9
3
63
6
29
873
25
7
1
17
-1
29
42
1
23
2
3
1
3
34
1
28
14
11
13
9
20
14
103
12
3
24
16
14
3
1
12
5
102
13
2
2
12
9
-1
6
7
17
8
14
34
3
20
10
1
26
4
13
5
32
17
16
-1
8
21
28
-1
1
-1
1
179
-1
4
322
36
21
8
18
-1
94
29
90
3
1
21
26
-1
29
14
1
11
2
2
6
88
44
1
15
2
10
-1
-1
-1
-1
-1
-1
25
1
7
3
7
58
17
12
8
26
2
-1
182
23
37
8
92
15
3
9
-1
10
1
129
-1
6
14
15
94
56
25
2
30
187
51
47
5
32
5
41
-1
11
8
35
6
20
29
-1
2
-1
2
75
-1
11
34
292
5
19
4
54
10
1
17
19
3
20
1
18
55
4
8
8
13
21
1
5
2
21
1
6
-1
16
99
42
-1
13
4
28
9
2
13
25
5
35
33
34
15
9
1
12
4
131
2
-1
97
75
2
34
2
21
11
-1
-1
-1
-1
-1
-1
-1
-1
-1
1
82
3
1
4
2
5
186
32
9
6
18
25
72
4
40
16
2
-1
-1
11
46
20
4
30
21
24
72
11
7
5
4
108
1
14
44
4
2
25
11
5
1
5
2
21
57
-1
-1
27
13
7
1
17
48
4
42
4
1
46
-1
26
45
8
5
25
20
2
1
8
23
17
-1
25
-1
2
9
69
23
1
41
9
11
1
-1
33
6
-1
4
47
4
13
6
45
9
13
8
36
17
4
5
27
8
15
71
18
-1
-1
-1
-1
-1
-1
-1
-1
-1
-1
-1
-1
-1
-1
-1
38
7
13
27
9
4
5
1
9
22
-1
130
6
4
30
1
2
10
3
15
2
41
-1
7
26
2
14
22
27
17
12
4
122966
13
14
24
21
3
3
28
13
37
74
3
27
1
1
16
-1
24
5
13
2
-1
10
3
24
-1
29
-1
25
-1
39
10
-1
49
-1
37
1
45
13
1
1
3
30
-1
9
8036
13
2
4
88
18
15
12
2
10
29
11
66
36
3
-1
-1
4
10
4
2
6
95
-1
121
20
-1
4
13
-1
11
5
2
12
-1
-1
-1
-1
-1
-1
-1
-1
-1
20
31
1
1
15
11
18
62
137
2
3
-1
-1
67
2
16
2
24
34
92
-1
50
2
38
7
1
146
4
8
6
1
40
16
4
52
24
-1
7
-1
5
6
17
14
23
2
4
6
38
13
17
12
-1
5
13
4
12
11
-1
75
9
8
58
22
32
2
43
14
2
2
9
1
3
15
1
89
30
1
29
78
22
3
9
27
6
1
38
10
-1
-1
2
2
36
-1
6
3
-1
58
3
44
26
6
1
971
59
13
98
10
14
3
51
4
39
3
7
-1
-1
-1
-1
-1
-1
