12
4
1
9
12
19
10
19
2
-1
6
11
1
2
3
1
12
29
2
1
77
20
-1
16
13
2
13
42
16
9
15
43
16
477
30
6
30
4
15
5
41
40
17
17
2
17
36
24
10
15
-1
30
7
5
8
107
26
2
2
3
29
8
25
13
8
9
11
66
7
10
7
5
34
59
2
1
16
39
-1
32
5
2
2
48
-1
10
14
7
87
175
2
11
12
3
11
20
-1
1
2
119
11
4
1
1
-1
-1
-1
-1
-1
-1
-1
-1
-1
-1
-1
-1
-1
-1
-1
-1
8
36
2
11
62
13
2
19
35
20
19
20
43
159
4
46
6
2120
122
25
1
-1
18
2
1
9
1
4
4
3
116
5
2
41
11
28
28
2
4
12
31
6
9
5
15
1
18
67
10
7
47
1
13
1
4
93
11
5
2
7
233
-1
5
90
1
2
7
4
6
9
1
24
23
3
-1
2
6
20
163
28
10
1
19
1
94
2
5
5
2
19
22
1
30
2
3
3
18
12
63
1
46
2
4
1
5
13
7
-1
-1
-1
-1
-1
-1
-1
-1
-1
-1
-1
-1
-1
34
24
25
1
315
46
8
2
2
78
19
3
45
3
56
2
10
3
-1
12
14
10
16
12
2
5
11
140
35
4
14
7
6
22
5
4
10
1
7
-1
71
1
11
24
1
9
50
29
4
1
11
1
3
11
14
6
177
19
1
2
8
14
113
66
2
-1
7
2
16
6
46
18
25
34
-1
11
40
422
1
21
11
56
42
21
4
154
49
2
1
6
2
3
8
2
2
1
5
22
4
913
24
12
6
10
36
9
1
29
18
-1
-1
-1
-1
-1
-1
-1
-1
-1
-1
-1
9
82
3
45
17
6
15
47
10
4
-1
1
38
45
74
66
-1
20
110
1
5
42
14
27
1
1
33
11
14
12
23
5
9
1
-1
4
32
9
9
9
35
10
6
4
5
1
6
15
2
36
7
1
17
1
15
20
1
9
5
13
23
8
1
3
1
2
14
5
12
30
21
1
8
11
-1
27
13
9
11
23
-1
1
1
3
36
9
17
3
6
135
4
6
4
46
3
29
19
11
1
68
9
1
3
2
100
5
-1
-1
-1
-1
-1
-1
-1
-1
-1
-1
-1
-1
-1
-1
3
1
71
2
34
-1
11
8
1
12
9
32
22
35
67
14
1
17
8
2
155
3
75
2
12
20
84
38
26
55
4
33
1
22
8
1
1
7
7
15
12
50
69
1
77
21
58
-1
-1
169
11
1
9
1
6
1
7
15
26
17
1
4
132
14
6
44
53
1
5
3
11
14
12
7
4
43
18
3
7
20
29
27
-1
29
13
7
15
66
-1
18
3
16
4
1
7
6
5
-1
3
58
7
4
47
-1
-1
12
5
10
12
6
-1
-1
-1
-1
-1
-1
-1
-1
-1
-1
2
280
5
22
3
4
1
7
7
181
33
15
3
2
109
2
6
3
21
5
635
1
1728
16
48
-1
6
51
43
1
19
4
31
51
19
5
2
37
32
1
96
12
19
3
2
41
1
128
28
2
5
6
9
1
2
2
29
50
18
-1
6
16
14
1
8
4
5
809
9
17
19
6
23
8
11
38
11
1
1
9
1
36
7
1
94
1
16
16
7
2
2
7
2
-1
9
5
4
21
6
14
2
-1
-1
-1
-1
-1
-1
-1
-1
-1
-1
-1
-1
-1
-1
-1
-1
-1
-1
-1
6
9
120
6
8
44
6
10
27
32
6
378
38
48
19
2
1
3
40
40
52
-1
-1
9
-1
1
16
71
19
16
63
9
4
99
14
7
39
24
18
2
29
4
18
281
58
16
5
22
2
4
2
-1
94
11
1
1
13
11
51
99
47
12
74
-1
-1
1
62
21
17
316
5
52
3
9
11
13
96
26
14
200
3
3
38
13
15
11
93
46
7
1
-1
31
42
1
106
-1
95
-1
80
-1
1
37
3
256
-1
-1
-1
-1
-1
-1
-1
-1
-1
-1
-1
-1
-1
-1
-1
-1
3
19
8
29
-1
31
15
1
5
16
74
15
19
5
9
115
20
63
6
2
51
1
1
3
3
-1
14
14
3
2
32
15
16
5
552
-1
2
7
1
41
25
-1
2
20
15
65
-1
241
12
25
1
30
19
43
2
159
55
41
44
33
38
-1
3
33
12
1
38
26
10
12
2
7
184
23
25
4
3
17
1
12
29
12
30
5
3
14
5
6
55
-1
6
7
10
-1
1
58
65
12
28
5
13
3
67
1
9
2
3
21
22
3
20
24
6
32
11
25
-1
-1
-1
-1
2
22
49
1
1
1
4
1
-1
1
6
35
6
4
-1
7
50
5
11
82
3
1
5
4
1
17
2
20
21
1
2
8
25
10
5
-1
12
1
1
3
9
6
28
17
7
14
236
11
37
38
2
26
-1
6
-1
5
71
12
6
1
4
12
20
149
-1
6
49
3
8
4
4
11
19
6
15
12
2
2
28
73
14
16
16
1
13
-1
18
17
16
13
7
2
38
5
12
49
22
1
-1
12
-1
35
42
-1
1
-1
-1
-1
-1
-1
-1
-1
-1
-1
-1
-1
-1
-1
-1
-1
38
24
2
2
4
20
49
93
1
6
1
37
15
4
3
1
1
72
10
43
208
9
40
-1
200
15
37
14
14
1
34
16
40
112
25
5
23
11
64
4
88
140
2
56
23
7
2
88
3
20
19
5
39
5
3
24
1
4
4
30
24
186
2
1
76
51
1
29
2
21
-1
84
14
-1
37
11
1
7
10
6
20
7
2
2
1
6
15
2
2
1
30
9
9
4
36
2
47
3
3
70
16
3
1
85
2
66
60
8
-1
-1
-1
-1
-1
-1
-1
-1
-1
-1
-1
-1
