14
108
4
50
24
5
41
5
25
-1
24
2
5
22
13
35
2
6
5
61
-1
-1
1
7
-1
2
-1
3
421
36
-1
-1
5
38
131
21
4
66
9
33
15
12
244
84
2
22
2
6
7
39
1
14
5
18
5
36
26
10
-1
6
44
6
1
8
4
13
19
11
25
5
12
1
17
15
3
6
64
8
1
2
162
3
133
21
28
2
4
1
4
81
2
29
3
56
311
59
4
39
-1
-1
3
13
31
3
5
5
14
1077
-1
26
-1
4
23
16
4
13
13
-1
-1
-1
5
23
36
8
26
1
78
43
1
7
1
10
4
1
5
13
2
1
64
8
2
1
1
10
3
2
7
4
4
26
43
-1
4
5
-1
-1
7
-1
21
100
28
2
16
2
3
14
40
1
4
1
-1
335
-1
-1
207
34
7
2
1
138
3
12
21
15
15
5
4
4
47
4
4
32
5
76
8
1
2
3
16
15
23
5
141
3
6
14
4
13
16
27
2
4
1
-1
20
-1
-1
2
42
2
8
-1
5
-1
-1
7
180
-1
34
12
22
-1
91
52
2
24
14
-1
-1
-1
1
26
5
1
1
13
3
35
3
10
12
37
111
59
7
47
36
28
2
2
1
56
13
1
14
5
2
6
2
158
22
22
11
4
3
36
67
16
8
2
6
14
29
3
25
1
22
54
44
2
34
21
72
29
1
3
1
7
23
45
12
1
-1
-1
7
-1
2
13
2
1
71
47
43
43
45
8
6
18
4
3
101
8
7
-1
-1
16
2
11
1
9
14
5
13
9
8
53
-1
7
-1
42
106
14
19
7
28
21
-1
4
3
10
39
78
32
19
-1
62
8
-1
-1
-1
28
17
49
31
15
3
3
1
9
2
10
430
20
46
27
6
6
14
2
4
-1
32
8
5
8
20
12
7
82
16
39
12
17
4
6
2
1
59
3
30
-1
141
8
133
-1
9
15
5
16
1
1
-1
24
-1
4
58
23
21
1128
33
2
2
43
3
-1
4
5
2
26
6
7
34
25
9
179
75
49
345
72
-1
11
8
90
16
9
2
-1
-1
1
3
1
1
-1
3
200
-1
-1
-1
27
4
18
89
-1
74
1
8
-1
2
29
5
15
12
7
1
1
-1
-1
-1
-1
-1
25
32
35
26
27
9
3
160
25
5
1183
35
9
126
-1
8
25
2
5
2
1
1
3
6
7
1
10
2
-1
21
3
13
22
2
5
-1
6
80
248
-1
3
9
120
5
41
-1
16
-1
1
6
-1
13
4
5
-1
36
6
-1
6
54
7
12
24
16
1
16
25
253
18
7
4
10
9
32
21
10
225
22
517
60
9
5
7
1
6
2
17
141
1
19
6
1
-1
15
23
58
11
4
1
3
17
21
31
11
-1
28
7
2
-1
7
73
-1
2
-1
27
-1
124
-1
-1
-1
21
7
9
70
72
6
22
1
25
-1
4
22
8
17
14
-1
93
19
362
3
12
6
3
7
50
9
205
2
-1
23
2
5
59
8
-1
3
-1
13
6
19
18
6
1
45
197
79
15
15
-1
2
-1
3
23
4
1
9
5
-1
16
45
1
1
10
28
-1
10
2
2
-1
3
15
-1
27
2
13
3
85
1
-1
8
23
7
-1
2
2
6
3
7
15
3
26
4
63
46
7
11
-1
18
6
94
14
1
13
13
2
36
12
4
1
3
12
21
19
54
-1
4
16
10
-1
-1
7
250
8
5
40
1
23
43
-1
21
22
14
11
9
-1
5
2
7
4
187
-1
17
41
224
-1
8
21
25
22
27
38
-1
3
2
8
16
9
10
278
13
6
17
5
2
62
4
11
73
6
21
-1
17
1
6
85
15
27
27
4
-1
-1
8
59
24
62
4
6
2
44
3
433
7
2
7
3
1
1
35
-1
11
16
4
7
3
1
-1
-1
3
4
17
9
3
8
-1
88
4
17
55
-1
100
4
50
21
27
27
18
25
16
54
3
1
9
16
-1
37
17
-1
-1
-1
-1
23
20
48
62
5
-1
29
39
104
25
-1
38
11
1
26
10
-1
98
73
32
28
88
25
1
11
1
134
25
24
37
27
-1
16
36
2
1
26
7
17
66
49
4
91
2
18
7
2
128
6
227
-1
7
51
20
25
10
3
32
5
41
4
33
-1
-1
-1
28
87
7
12
1
54
11
70
-1
4
3
29
31
6
5
48
12
58
23
274
10
17
53
21
8
2
46
4
4
17
39
1
11
9
9
2
42
188
28
27
5
4
9
12
26
12
49
32
43
57
14
12
-1
-1
-1
26
33
89
2
29
4
4
9
3
7
24
8
37
14
20
2
1
14
3
3
91
1
28
1
21
8
8
10
3
4
9
-1
17
2
10
3
1
16
11
53
18
16
19
12
1
5
17
2
15
12
56
-1
42
48
-1
1
1
92
30
8
4
4
44
7
4
112
1
8
3
112
34
1
-1
34
14
5
68
2
29
1
13
74
8
11
6
9
-1
4
14
7
-1
-1
7
2
4
1
-1
14
3
7
2
61
1
12
17
6
20
32
6
-1
32
1
26
45
26
20
42
-1
-1
-1
6
16
4
-1
24
5
26
7
58
1
50
24
2
5
48
-1
20
-1
4
-1
4
42
-1
1
45
11
29
65
112
5
4
6
7
12
20
67
-1
55
5
72
14
1
13
24
22
-1
-1
12
14
97
4
21
9
4
15
36
14
9
14
-1
15
7
53
2
5
8
8
-1
21
10
18
5
12
-1
-1
14
2
20
-1
4
169
2
36
6
20
3
221
63
1
4
21
79
3
11
30
-1
1
7
43
14
17
-1
25
3
-1
34
-1
8
27
2
20
1
22
-1
8
-1
-1
-1
-1
-1
