1
22
52
4
1
7
51
59
20
1
38
310
119
7
4
85
1
-1
5
7
50
36
3
10
24
5
11
43
4
28
1
1
14
6
6
15
29
35
56
88
46
69
13
6
4
9
26
151
27
2
48
17
46
12
37
9
8
2
2
17
11
5
12
67
5
391
237
14
72
11
1
17
20
2
9
32
15
3
6
1
5
11
77
20
50
4
15
12
9
17
-1
22
1
14
86
131
1
24
67
20
1
3
3
3
27
109
6
18
138
24
5
2
-1
-1
-1
-1
-1
-1
-1
-1
15
16
4
13
19
7
1
11
4
68
19
456
39
8
16
59
9
1
21
1
30
7
1
533
11
9
3
439
7
15
11
16
18
9
117
44
1
2
3
1
1
57
36
37
1
6
11
-1
1
1
1
77
7
6
82
3
78
2
2
27
-1
1
1
52
46
22
1
45
3
14
2
7
11
23
77
20
2
3
7
8
28
34
5
-1
13
11
3
1
22
3
2
2
1
15
17
1
69
13
20
22
18
42
40
7
61
-1
-1
-1
-1
-1
-1
-1
-1
-1
-1
-1
-1
-1
-1
-1
35
9
17
77
12
12
109
21
8
10
57
62
7
1
23
36
8
8
52
27
3
130
44
9
-1
168
17
22
6
44
1
143
5
17
9
14
1
2
11
3
7
-1
151
-1
4
1
71
4
1
76
6
1
3
2
16
1
3
-1
8
23
2
26
5
6
-1
1
3
113
-1
19
28
134
15
10
17
3733
20
31
1
3
16
33
82
2
40
29
52
-1
23
20
16
1
11
23
32
175
-1
5
34
3
32
21
2
199
202
18
2
-1
-1
-1
-1
-1
-1
-1
-1
-1
-1
-1
-1
-1
86
15
10
16
14
24
87
50
92
7
5
1
5
5
50
4
18
1
2
15
71
18
11
40
51
2
1
10
8
6
45
5
-1
15
10
15
246
476
7
1
13
10
25
52
32
-1
3
2
56
1
5
5
17
24
1
49
7
14
2
22
54
25
3
2
61
19
32
9
8
14
1
5
-1
2
23
58
12
4
33
1
49
65
43
17
16
1
53
7939
14
64
9
4
89
15
126
3
5
40
63
3
275
1
11
30
58
35
1
3
37
-1
-1
-1
-1
-1
-1
-1
-1
-1
-1
-1
2
4
2
100
14
4
106
14
17
68
27
10
38
14
3
10
6
-1
7
11
1
2
140
25
2
1
2
7
52
5
7
11
-1
11
11
114
-1
11
90
40
115
15
1
-1
2
2
1
3
55
25
1
7
32
1
5
11
86
119
4
24
10
-1
5
-1
7
1
5
30
15
3
3
6
-1
8
5
1
36
21
-1
15
5
4
58
7
23
19
1
4
31
3
1
8
134
1
17
34
33
8
10
8
2
31
21
191
-1
3
1
8
57
17
-1
-1
-1
-1
-1
-1
-1
-1
-1
-1
13
7
1
2
5
78
23
4
11
10
5
3
4
2
10
45
4
4
3
10
43
40
6
-1
5
21
2
64
2
43
4
4
35
26
9
5
4
-1
9
31
11
1
29
5
134
2
4
7
108
5
1
34
7
1
5
38
38
-1
1
44
94
74
5
18
24
48
-1
3
2
28
10
36
4
-1
1
2
2
1
17
4
-1
192
6
71
1
5
1
8
-1
4
18
124
4
77
15
2
-1
1
1
33
41
93
1
7
2
-1
7
-1
-1
-1
-1
-1
-1
-1
-1
-1
-1
-1
-1
-1
21
3
2
8
5
69
1
3
37
4
4
29
7
43
8
61
134
2
45
1
30
14
2
25
3
1
1
27
12
34
6
-1
1
21
1
56
30
101
3
8
32
2
76
1
1
-1
6
6
12
2
35
4
12
24
4
-1
106
-1
74
19
10
1
42
708
8
88
46
81
-1
6
35
38
76
24
34
-1
8
32
56
863
11
33
25
76
12
-1
50
-1
15
11
-1
30
9
2
93
71
125
7
-1
10
12
2
3
14254
51
2
67
-1
-1
-1
-1
-1
-1
-1
-1
-1
-1
-1
-1
-1
53
7
24
10
13
2
2
5
1
1
-1
1
4
3
10
46
1
6
3
2
6
14
5
9
1034
28
32
2
31
54
75
8
54
3
-1
17
7
26
7
9
1
2
3
18
4
2
9
13
3
3
40
5
-1
11
38
77
49
110
28
60
52
44
30
1
-1
10
17
1
221
19
4
12
34
1
9
-1
1
847
1
1
11
-1
25
3
137
42
8
-1
141
157
4
-1
37
2
2
11
6
8
1
6
53
40
-1
26
4
-1
-1
-1
-1
-1
-1
-1
-1
-1
-1
-1
-1
-1
-1
-1
1
1
10
1
49
13
1
22
19
6
16
-1
20
37
41
3
1
2
132
47
2
30
24
6
4
24
86
100
15
2
5
32
37
15
1
5
43
1
11
3
16
4
10
2
1
31
32
230
39
14
5
11
60
62
-1
2
3
10
17
28
19
94
14
5
38
27
14
11
3
6
2
18
1
1
18
-1
24
59
18
11
101
8
2
1
3
106
18
-1
-1
20
5
12
6
18
232
-1
2
25
2
-1
3
8
5
6
2
9
20
182
24
-1
20
6
202
4
-1
1
-1
-1
-1
-1
21
1
71
8
6
8
10
1
13
8
-1
2
10
89
30
4
13
45
20
3
30
3
33
2
27
3
15
1
-1
6
10
15
1
5
3
8
49
248
25
4
27
1
7
27
10
11
2
3
2
-1
17
25
8
10
3
1
8
2
8
1
24
5
25
7
13
6
6
73
5
14
298
18
4
7
72
2
45
54
17
34
-1
19
56
7
23
11
39
4
21
28
7
1
6
9
36
23
29
65
30
1
11
4
13
64
-1
-1
-1
-1
-1
-1
-1
-1
-1
-1
-1
-1
-1
-1
-1
-1
