8
11
15
1
34
25
11
1
9
319
1
46
11
3
63
66
3
2
-1
3
29
2
57
11
5
2
17
4
5
7
2
4
13
7
27
5
16
24
2
7
96
22
3
10
20
8
5
40
181
4
22
28
1
1127
9
1
1
16
16
2
386
4
12
10
41
16
164
12
2
2
13
1
6
8
4
8
9
14
33
6
34
75
21
29
3
4
1
1
6
5
42
-1
3
16
7
1
93
30
9
-1
-1
-1
-1
-1
-1
-1
-1
-1
-1
-1
-1
-1
-1
-1
-1
-1
-1
-1
-1
-1
2
20
2
29
3
35
18
77
7
40
77
-1
4
21
101
7
1
8
2
1
4
43
209
-1
4
24
100
22
76
2
6
34
6
5
1
25
3
20
7
10
27
6
6
-1
15
40
2
32
10
5
1
1
9
16
7
53
42
24
9
20
11
2
34
3
33
39
1
22
1
41
1327
6
33
74
5
15
15
42
64
6
9
1
2
8
6
36
3
6
24
61
18
1
3
2
10
1
57
35
3
5
120
13
30
27
90
-1
-1
-1
-1
-1
-1
-1
-1
-1
-1
-1
-1
-1
-1
-1
33
27
1
8
3
42
1
8
3
37
-1
2
4
9
18
6
59
15
51
75
50
5
32
18
5
1
120
8
2
8
31
46
3
-1
5
1
10
116
4
27
6
20
7
-1
3
3
-1
1
5
19
1
4
18
92
9
-1
-1
4
19
3
49
3
1
21
18
56
163
5
5
90
13
5
6
1
-1
34
4
1
2
21
-1
41
65
1
165
77
4
2
7
4
24
12
3
25
211
10
9
1
104
17
10
7
33
42
3
28
29
2
5
7
7
-1
-1
-1
-1
-1
-1
-1
-1
-1
24
15
1
-1
30
11
137
40
16
1
2
9
-1
-1
1
2
-1
3
1
50
9
1055
21
4
30
9
5
12
24
20
2
7
7
16
2
42
80
37
14
77
67
33
21
12
12
4
11
26
2
10
16
54
83
2
15
19
9
66
1
13
21
27
12
1364
27
54
10
34
134
26
76
55
13
27
52
4
21
26
51
6
49
90
9
2
4
28
119
4
5
1
3
5
7
26
54
29
12
18
71
-1
2
1
23
11
-1
148
91
4
-1
-1
-1
-1
-1
-1
-1
-1
-1
-1
-1
-1
14
20
2
79
2
54
1
2
-1
1
4
30
558
8
59
1
17
3
24
3
18
50
21
5
24
2
2
1
3
14
13
24
1
19
4
10
54
31
81
19
35
7
12
3
47
11
14
9
10
3
7
15
5
15
54
99
7
4
3
8
-1
15
27
18
10
1
15
8
3
14
28
6
2
53
23
26
13
18
10
1
7
7
1
22
6
30
162
12
104
5
3
8
12
5
9
19
1
2
17
4
7
56
28
40
12
5
17
1
7
-1
-1
-1
-1
-1
-1
-1
-1
-1
-1
-1
1
10
5
33
4
-1
1
7
102
7
6
42
9
2
7
7
14
1
5
62
13
4
206
9
2
38
5
2
-1
5
15
9
52
236
52
1
16
47
9
10
3
34
3
38
18
91
2
24
21
39
2
5
-1
21
8
4
8
6
76
7
18
11
1
18
3
1
138
4
6
1
115
1
16
102
7
57
12
6
2
17
98
6
173
32
41
12
19
11
5
1
24
55
7
10
1
4
40
3
25
-1
1
1
6
31
61
65
-1
-1
-1
-1
-1
-1
-1
-1
-1
-1
-1
-1
-1
-1
25
9
5
3
13
-1
8
22
5
5
83
162
6
9
41
8
15
2
25
24
27
-1
40
-1
4
4
5
38
6
2
2
2
48
10
-1
2
3
6
64
88
33
10
9
6
9
5
3
3
1
19
32
-1
3
10
3
19
27
98
30
7
404
54
2
13
-1
51
40
44
15
126
29
26
61
13
35
-1
2
2
4
5
29
8
1
1
1
2794
1
195
45
2
1
6
25
-1
29
1
1
5
15
48
-1
-1
-1
-1
-1
-1
-1
-1
-1
-1
-1
-1
-1
-1
-1
-1
-1
-1
-1
-1
5
25
21
2
10
7
167
1
43
-1
4
31
1
36
3
59
10
10
5
1
70
6
22
1
11
37
47
84
26
29
17
59
23
12
16
7
6
23
16
9
154
12
-1
3
14
1
-1
41
1
1
1
109
20
24
34
70
11
57
7
3
13
57
49
7
15
19
3
11
63
26
35
11
29
1
-1
10
8
82
7
1
1
77
12
14
11
117
88
-1
3
23
8
5
7
1
19
2
8
4
8
16
4
2
15
10
16
2
12
-1
-1
-1
-1
-1
-1
-1
-1
-1
-1
-1
-1
-1
16
29
3
5
192
32
10
26
1
15
2
1
15
25
1
1
87
2
75
7
31
122
19
6
6
21
26
4
1
18
1
5
50
3
43
-1
19
3
-1
424
89
7
2
1
15
2
24
1
2
25
14
15
16
8
46
-1
4
31
2
34
20
5
20
11
9
4
14
1
2
47
80
1
1
14
16
83
5
59
1
8
17
5
107
147
3
52
133
10
6
17
4
5
1
12
19
1
26
-1
-1
-1
-1
-1
-1
-1
-1
-1
-1
-1
-1
-1
-1
-1
-1
-1
-1
-1
-1
-1
-1
-1
34
7
4
39
10
62
1
1
6
-1
33
7
10
29
175
51
256
3
368664
10
19522
3
12
3
4
24
19
24
6
5
1
84
8
-1
3
1
15
8
1
24
11
29
12
3
17
-1
1
56
2
11
4
33
2
23
1
-1
2
13
14
38
60
7
47
3
23
1
6
20
3
3
2
1
4
9
6
15
1
21
57
60
76
40
27
23
13
12
67
1
413
1
1
133
16
21
1
-1
8
6
18
21
18
668
10
56
5
15
1
10
-1
-1
-1
-1
-1
-1
-1
-1
-1
-1
-1
-1
