4
1
28
280
292
2
195
4
2
27
1
2
55
13
802
5
62
23
27
3
31
14
49
69
1
2
2
1
-1
3
15
21
2
15
15
170
4
22
5
25
20
1
10
4
-1
23
54
4
1
-1
18
2
7
47
19
12
5
20
7
24
67
13
-1
1
-1
14
3
1
11
2
21
19
12
3
1
1
7
31
9
9
9
-1
9
43
12
53
26
28
3
-1
24
1
-1
3
38
6
6
8
1
2
117
9
45
1
1
-1
9
1
25
3
5
2
1
28
9
7
10
-1
-1
-1
-1
17
14
2
6
20
16
-1
1
-1
89
12
31
11
15
30
6
18
-1
-1
3
8
1
43
1
39
5
40
1
3
38
51
30
7
5
13
1
13
2
25
1
50
-1
1
-1
3
24
34
27
12
2
18
8
20
1
2
9
26
3
-1
-1
1
5
-1
1
115
8
101
23
218
133
34
112
24
111
1
2
14
26
2
3
2
1
52
5
-1
2
53
-1
9
1
1
14
26
24
5
-1
-1
253
14
-1
12
-1
27
-1
12
-1
1
-1
8
45
37
-1
-1
-1
-1
-1
-1
-1
-1
8
46
2
-1
29
4
3
20
32
21
99
143
10
-1
68
2
58
-1
7
41
1
14
79
4
3
-1
3
13
2
1
3
1
23
131
-1
9
4
12
1
1
40
-1
8
160
4
32
7
8
21
103
42
-1
4
166
2
8
-1
10
34
12
22
24
3
43
9
39
20
10
24
42
-1
41
43
41
-1
55
28
2
1
9
3
-1
11
-1
20
29
4
1
7
5
57
1
1
21
4
15
30
6
34
13
45
1
1
-1
2
22
31
15
8
46
1
22
-1
-1
-1
-1
-1
-1
-1
-1
9
14
3
44
-1
4
2
6
57
1
10
9
3
9
18
4
33
-1
-1
106
32
33
1
1
2
1
5
4
145
39
26
1
5
1
4
126
4
34
33
42
6
50
22
3
1
28
10
12
1
26
4
28
16
1
41
-1
85
82
5
13
10
8
16
5
23
1
9
13
72
7
5
-1
147
17
1
5
70
-1
-1
3
1
6
1
-1
-1
16
2
38
1
21
2
21
14
1
8
1
8
9
-1
2
280
13
-1
11
1
8
5
14
7
281
-1
-1
-1
-1
-1
-1
-1
-1
-1
-1
1
6
20
4
-1
7
6
14
34
4
3
13
5
1
1
17
2
1
131
-1
5
-1
9
2
16
53
1
3
4
-1
-1
34
1
-1
-1
14
1
-1
10
2
-1
12
2
144
9
1
12
3
4
60
6
59
12
1
3
15
3
-1
151
-1
1
1
10
2
1
1
67
65
-1
5
1
38
9
-1
10
130
1
16
2
7
5
74
11
9
1
6
12
31
1
9
-1
277
14
111
6
1
-1
1
2
4
45
31
2
10
21
-1
91
18
1
2
-1
-1
-1
-1
-1
-1
-1
-1
-1
-1
54
3
4
30
9
4
-1
10
68
20
2
54
24
9
23
33
62
37
6
6
46
544
15
10
13
5
-1
6
1
47
9
6
10
2
1
5
-1
2
24
6
5
24
72
4
3
16
-1
21
1
100
-1
7
35
37
5
10
226
6
3
1
4
4
-1
27
15
16
15
2
-1
12
92
20
1
26
6
19
2
28
10
3
8
3
6
756
110
4
2
161
-1
4
21
5
5
11
21
16
9
13
15
-1
6
449
-1
3
9
-1
112
30
34
5
48
-1
-1
-1
-1
-1
-1
-1
-1
-1
4
1
5
25
49
5
1
2
11
13
5
-1
102
100
54
13
17
14
8
2
24
17
34
4
9
3
47
3
-1
5
-1
28
3
88
3
21
6
123
-1
11
5
14
9
2
46
5
37
25
18
6
52
4
13
-1
5
66
13
5
2
10
65
1
5
3
5
-1
14
14
5
2
-1
1
-1
17
34
-1
1
6
34
-1
8
32
3
3
3
5
-1
-1
7
34
4
1
6
48
1
12
4
60
31
34
97
10
39
24
6
2
1
-1
46
34
2
1
20
-1
6
-1
-1
-1
-1
-1
19
17
1
2
2
2
6
14
9
11
2
16
6
1
71
2
1
1
53
1
10
48
5
30
1
-1
124
35
66
4
5
142
11
1
45
3
10
259
12
390
1
24
16
79
5
9
38
9
35
18
-1
100
61
22
10
103
5
4
8
-1
66
2
50
1
1
6
7
2
64
29
2
59
10
1
-1
12
25
7
32
20
3
104
20
13
16
9
1
1
5
15
1
3
15
11
44
1
40
-1
12
1
2
-1
7
3
177
7
18
45
20
62
23
37
5
9
3
-1
-1
-1
-1
-1
-1
10
6
120
20
1
17
10
27
56
2
4
14
3
61
4
44
12
9
4
-1
12
29
2
1
12
2
15
81
48
61
7
4
-1
3
1
2
22
6
1
2
25
32
102
35
19
10
2
6
10
5
5
6
4
17
2
1
30
155
4
-1
3
-1
15
-1
11
54
72
20
-1
47
1
2
3
21
4
27
3
3
2
17
40
2
44
9
16
11
27
2
-1
44
13
1
27
1
9
25
48
1
4
6
8
9
11
4
1
36
-1
4
3
75
94
31
5
54
2
3
-1
-1
-1
3
7
5
6
6
7
24
29
72
2
17
12
36
43
10
-1
2
11
2
3
3
39
2
4
1
5
2
4
61
21
16
23
2
6
4
-1
1
108
16
28
28
18
6
11
63
34
1
27
91
6
-1
8
12
11
8
1
98
4
-1
10
3
-1
11
3
8
1
13
25
14
17
-1
20
25
3
2
-1
2
-1
17
33
-1
3
7
2
1
5
38
11
4
-1
-1
22
8
2
17
4
30
1
13
27
55
14
31
7
42
11
-1
-1
-1
-1
-1
-1
-1
-1
-1
-1
-1
-1
-1
-1
