1
1
14
3
4
-1
27
9
52
4
4
25
4
21
-1
11
32
35
39
15
1
16
1
68
27
8
7
3
44
4
37
71
59
7
4
5
1
2
2
3
17
5
6
13
15
24
67
3
3
21
5
24
38
117
2
13
32
6
5
35
11
90
2
-1
33
41
13
72
2
56
2
3
19
3
218
13
2
38
8
2
13
10
4
8
46
26
64
3
-1
69
2
4
1
46
3
16
7
26
3
1
7
-1
6
3
3
23
121
9
6
-1
-1
-1
-1
-1
-1
-1
-1
-1
-1
-1
27
149
13
4
4
3
32
10
5
3
241
11
124
81
19
16
1
11
61
38
12
9
3
17
7
-1
7
2
4
10
5
34
8
132
1
22
61
28
8
7
5
30
1
3
10
5
27
1
5
7
-1
2
25
38
8
14
3
2
11
35
2
1
8
5
1
34
15
27
15
174
28
34
71
12
7
20
1
2
23
34
54
20
1
-1
11
10
5
1
4
1
16
49
22
102
17
13
1
4
43
70
1
28
3
1
31
10
10
1
-1
15
-1
-1
-1
-1
-1
-1
-1
-1
-1
-1
7
1
28
208
3
19
6
27
67
22
14
9
841
25
3
9
49
7
10
8
8
1
8
3
13
19
2
43
23
9
9
20
34
2
22
1
11
2
262
-1
2
45
3
1
4
4
7
3
17
44
36
27
8
165
-1
-1
11
3
15
-1
17
3
40
76
1
16
13
4
1
1
7
28
46
-1
-1
7
55
3
18
46
2
3
71
28
10
7
19
2
1
33
-1
16
-1
-1
4
1
-1
-1
246
1
12
42
4
8
49
26
-1
62
-1
-1
-1
-1
-1
-1
-1
-1
-1
-1
-1
-1
1
8
7
107
17
-1
55
-1
7
2
1
1
14
9
8
21
3
2
5
2
4
13
42
13
38
122
4
364
4
60
19
6
13
4
16
8
6
21
38
-1
3
6
33
5
1
59
1
4
47
3
3
5
-1
43
-1
22
3
42
6
44
3
17
28
86
12
58
4
6
43
6
6
2
6
8
22
22
1
21
13
36
2
7
68
31
6
31
135
3
11
4
-1
26
2
41
1
49
-1
14
21
3
-1
1
4
1
2
24
3
-1
12
372
15
3
3
42
42
-1
-1
-1
-1
-1
5
13
39
13
32
3
17
2
14092
9
26
1
12
295
35
33
304
49
-1
15
3
7
2
25
3
1
-1
23
1
54
9
22
76
28
1
48
24
5
11
5
6
1
6
20
3
248
6
14
25
7
39
6
1
20
5
32
29
4
4
114
6
5
5
26
14
5
74
22
1
1
4
7
13
7
2
4
23
5
1
53
53
138
9
12
3
12
11
20
238
40
15
56
1
-1
40
2
3
5
3
33
17
20
6
1
1
16
1
-1
4
21
10
3
-1
-1
-1
-1
-1
-1
-1
-1
26
1
41
7
1
1
7
-1
16
50
3
4
24
186
6
53
12
61
34
11
23
45
15
67
-1
7
151
82
9
-1
15
-1
-1
2
83
93
56
35
1
2
-1
24
1
1
1
2
10
612
7
2
26
45
3
1
34
6
2
1
60
26
-1
50
-1
19
27
77
16
59
1
5
1
-1
7
41
5
2
4
14
16
33
1
4
122
3
60
2
32
6
6
59
66
10
8
5
4
50
39
32
3
4
1
9
3
13
14
2
-1
-1
23
36
-1
-1
-1
-1
-1
-1
-1
-1
-1
-1
13
2
14
9
6
8
61
26
-1
83
2
2
19
5
37
77
50
6
1
35
197
1
4
68
2
6
-1
7
21
23
6
3
46
190
8
8
75
5
23
19
43
5
73
7
27
14
15
-1
4
3
99
7
40
46
-1
24
5
8
5
61
6
26
53
6
11
2
18
18
7
59
1
-1
6
33
10
52
3
7
4
1
5
6
4
31
6
1
88
8
42
-1
1
2
-1
-1
57
6
114
6
96
-1
33
4
8
5
8
4
84
5
8
104
-1
4
1
2
28
4
-1
-1
-1
-1
-1
37
70
35
23
108
5
59
10
4
13
9
42
75
-1
8
8
36
45
2
4
13
5
11
32
49
48
5
3
3
15
8
24
79
397
8
77
6
6
10
6
55
4
13
2
145
44
9
-1
14
-1
18
5
14
6
4
9
5
26
78
2
113
1
2
28
25
-1
2
3
4
106
8
-1
12
29
3
10
94
3
70
15
8
24
8
46
2
44
4
9
8
4
84
-1
3
11
34
-1
73
11
257
-1
58
179
1
152
10
1
4
8
1
2
23
-1
-1
-1
-1
-1
-1
-1
-1
4
5
13
37
20
121
3
3
-1
1
2
2
4
17
5
27
3
6
39
9
30793
1
1
9
23
58
1
64
13
4
3
194
11620
26
18
26
18
1
3
3
30
3
71
5
18
1
41
134
8
1
22
21
34
72
31
20
8
66
15
20
9
1
-1
2
9
151
1
19
15
-1
21
-1
1
82
3
21
54
11
3
3
-1
-1
-1
-1
120
14
9
432
73
6
401
80
-1
29
11
4
4
-1
4
44
-1
17
18
10
6
227
14
22
68
2
-1
1
3
-1
-1
-1
-1
-1
-1
-1
22
4
124
16
21
2
14
3
80
43
4
4
11
2
3
25
16
6
18
5
4
12
38
26
10
21
14
1
6
71
7
11
-1
8
1
4
11
4
4
7
3
30
332
10
52
8
22
-1
5
-1
26
1
34
34
-1
57
10
14
10
3
15
12
7
15
42
18
7
1
35
5
26
52
7
152
231
6
2
3
16
2
37
27
2
4
6
6
9
4
-1
44
26
21
-1
-1
12
42
27
12
33
10
4
154
8
4
25
66
-1
53
-1
-1
-1
-1
-1
-1
-1
-1
-1
-1
-1
-1
