61
112
102
2
42
9
159
7
10
23
8
9
37
57
78
15
2
59
2
6
1
79
57
5
1
1
38
65
161
9
58
6
-1
2
126
-1
31
5
81
16
23
12
24
4
3
13
17
161
29
32
38
321
1
6
4
14
3
11
3
33
1
21
1
8
20
33
1
14
6
3
27
19
2
11
744
37
134
6
-1
5
47
8
66
21
5
22
68
13
11
11
5
73
91
33
-1
-1
15
4
45
3
33
7
58
10
496
3
20
4
-1
-1
-1
-1
-1
-1
-1
-1
-1
-1
-1
-1
43
9
9
18
1
1
18
22
7
26
2
5
-1
3
50
1
30
67
6
19
16
-1
4
2
160
1
9
16
31
29
9
9
10
28
-1
8
11
8
17
10
3
-1
59
18
31
-1
2
445
3
15
1
1
70
37
11
5
5
2
7
7
1
5
37
28
2
6
3
8
25
33
30
12
8
7
8
138
110
69
1
788
4
74
3
10
113
1
7
27
17
15
10
50
2
4
22
77
1
120
445
8
23
-1
-1
-1
-1
-1
-1
-1
-1
-1
-1
-1
-1
-1
-1
-1
-1
-1
-1
-1
16
1
1
4
2
6
12
28
130
6
194
23
59
40
172
6
70
2
20
10
1
9
45
12
296
1
6
32
15
22
-1
8
266
10
6
5
10
1
4
16
8
49
5
7
5
1
12
25
13
1
-1
4
22
9
130
52
6
2
20
16
35
22
3
8
11
15
40
18
6
13
28
18
10
1
32
12
25
2
3
1
264
11
25
9
54
43
25
6
1
2
23
96
27
4
40
1
1
5
8
92
4
33
9
2
34
14
205
-1
-1
-1
-1
-1
-1
-1
-1
-1
-1
-1
-1
-1
175
1
15
17
48
-1
35
1
25
17
68
3
4
3
8
18
2
1
30
133
8
5
8
330
-1
1
527
30
19
8
3
42
1
52
132
2
2
19
143
26
-1
252
21
8
45
12
13
22
3
1
1
15
-1
124
-1
30
56
43
24
137
28
1
14
15
443
5
12
2
18
26
77
-1
11
49
131
6
4
5
9
8
2
-1
3
5
117
80
5
5
8
17
4
105
5
6
1
4
1
7
10
68
1
1
3
103
3
-1
-1
-1
-1
-1
-1
-1
-1
-1
-1
-1
-1
-1
-1
-1
1
6
111
37
2
-1
7
7
13
1
220
38
31
21
1
38
18
244
5
4
2
1
9
52
2
3
14
17
12
1
25
106
81
9
37
5
34
59
33
68
16
-1
4
43
12
29
-1
1
2
21
17
59
1
6
15
21
1
55
3
58
1624
6
112
59
44
3
2
54
35
4
-1
7
2
1
13
39
14
2
43
128
20
26
7
32
18
124
2
15
16
3
52
147
30
1
24
32
6
19
2
13
10
10
1
42
14
13
36
-1
12
-1
-1
-1
-1
-1
-1
-1
-1
-1
-1
-1
17
9
57
5
9
9
9
39
19
14
2
221
1
20
30
12
13
2
3
88
26
108
23
31
19
26
54
18
4
1
29
-1
1
15
30
52
17
36
4
18
3
-1
1
27
927
29
6
6
9
7
14
2
15
4
25
7
3
29
7
9
5
5
9
-1
5
122
3
1
4
29
17
8
19
-1
111
9
71
13
36
2
1
3
1
27
5
1
100
1
3
85
26
309
10
3
-1
9
7
3
46
72
2
13
5
3
1
5
10
12
5
33
4
9
-1
-1
-1
-1
-1
-1
-1
-1
8
2
5
37
1
118
6
22
34
35
22
28
156
1
6
3
1
3
1
5
2
136
7
12
8
73
1
3
1
7
69
37
7
25
9
2
10
2
16
41
19
27
17
2
12
36
7
3
11
9
45
-1
6
66
-1
25
12
5
3
1
18
5
25
12
28
2
4
19
22
6
1
5
1
15
1
28
92
1
6
1
20
10
20
17
8
37
7
94
3
109
38
12
131
28
9
18
18
4
10
113
21
42
-1
195
7
3
4
-1
-1
-1
-1
-1
-1
-1
-1
-1
-1
-1
-1
-1
53
7
9
25
17
6
1
65
21
1
32
1
1
26
15
1
12
1
8
-1
15
14
3
1
3
343
26
8
-1
21
-1
4
-1
88
64
4
60
29
10
1
22
349
2
1
14
8
80
2
124
6
2
32
18
9
12
9
16
19
55
1
40
2
82
20
1
4
2
36
5
10
1
-1
2
37
6
63
23
2
8
20
8
3
3
15
15
1
19
2
16
2
6
36
1
1
41
2
105
2
69
67
24
2
53
-1
-1
-1
-1
-1
-1
-1
-1
-1
-1
-1
-1
-1
-1
-1
-1
-1
68
14
9
3
1
12
7
13
1
125
2
91
4
23
77
16
66
17
3
12
14
174
19
4
5
32
1
11
1
36
10
3
11
5
5
1
11
20
58
19
1
17
88
4
13
4
37
2
3
20
58
2
3
12
7
41
98
3
46
1
3
47
11
4
4
8
6
4
17
25
3
57
26
16
5
4
18
3
8
173
2
14
10
107
44
1
15
4
3
39
1
13
16
5
2
36
2
4
12
1
37
6
24
14
-1
-1
-1
-1
-1
-1
-1
-1
-1
-1
-1
-1
-1
-1
-1
-1
16
1
247
47
1
15
1
1
14
48
5
4
52
8
16
2
10
2
141
11
223
23
1
330
5
-1
13
1
29
5
43
19
8
-1
4
54
19
70
22
3
117
11
39
10
10
2
1
15
62
21
35
3
3
14
64
6
11
72
89
4
2
-1
2
1
15
7
6
4
29
80
2
7
24
12
25
12
2
6
16
43
1
1
37
-1
3
18
12
1
24
5
11
42
22
28
2
-1
28
111
110
195
7
13
198
52
8
2
-1
31
53
58
-1
-1
-1
-1
-1
-1
-1
-1
-1
-1
