12
9
67
100
1
27
2
30
-1
17
1
18
-1
13
20
29
63
25
2
17
10
4
27
18
1
5
122
3
2
7
27
15
4
1
44
48
38
8
16
6
-1
5
34
9
3
5
1
19
25
16
1
-1
83
-1
-1
28
1
15
97
6
-1
1
8
3
1
190
51
22
-1
1
11
87
11
15
4
6
16
6
-1
26
3
5
3
6
3
7
31
45
190
64
14
36
12
3
1
-1
42
2
25
2
71
1
-1
19
3
85
11
-1
6
127
-1
129
60
47
-1
-1
-1
-1
-1
-1
3
5
23
16
13
2
4
4
52
8
4
1
2
69
67
22
11
3
2
22
46
3
20
188
35
87
37
8
4
14
10
7
5
89
1
5
2
12
94
6
2
13
31
36
18
72
33
4
29
-1
-1
85
21
7
2
18
2
27
1
3
5
-1
27
327
27
-1
75
7
22
3
2
4
1
12
-1
-1
11
45
51
67
32
8
62
44
3
36
10
5
42
18
2
42
-1
1
12
19
16
17
130
11
40
-1
13
293
41
2
7
5
21
44
83
6
4
-1
-1
-1
-1
-1
-1
-1
59
2
106
7
1
42
2
14
1
6
268
3
1
9
9
5
33
60
23
14
-1
8
-1
12
22
15
15
-1
1
5
9
38
5
23
13
95
4
7
-1
18
32
8
-1
13
13
17
6
-1
2
42
141
4
4
545
9
4
12
6
52
7
3
24
54
45
2
38
20
1
14
51
3
21
31
16
7
39
26
4
69
5
13
19
1
18
37
23
10
1
6
51
72
5
6
30
2
460
25
39
8
42
107
63
9
76
7
16
3
29
2
4
13
52
-1
-1
-1
-1
-1
-1
-1
-1
35
12
8
6
18
39
36
17
4
83
54
107
31
20
57
2
47
5
1
6
33
1
19
18
39
7
120
17
2
14
68
72
1
9
16
6
3
2
5
2
4
35
1
42
7
18
18
10
13
21
12
1
3
2
1
2
14
80
10
92
24
29
41
57
8
113
18
130
3
44
13
8
74
9
159
2
2
19
51
59
185
5
6
75
-1
39
38
164
30
17
40
141
2
2
15
3
3
21
16
16
12
4
7
19
5
22
6
11
22
1
-1
-1
-1
-1
-1
-1
-1
-1
-1
-1
12
2
43
23
19
163
31
13
4
3
9
6
3
17
13
-1
5
1
2
7
73
3
1
7
3
2
12
2
21
2
7
2
24
6
8
5
31
1
8
25
17
9
21
11
1
4
46
-1
14
10
16
3
31
1
-1
116
6
11
6
64
1
5
13
3
15
47
43
24
2
-1
32
1
1
48
14
85
-1
2
1
8
11
3
20
4
11
-1
29
10
11
9
-1
7
7
35
9
5
-1
2
6
79
2
6
-1
10
31
3
56
2
14
5
5
-1
-1
-1
-1
-1
-1
-1
-1
-1
1
-1
12
9
81
2
2
1
10
2
9
14
35
30
64
6
6
32
32
82
46
2
26
3
12
4
20
9
10
43
1
1
5
7
-1
17
2
-1
2
11
1
46
48
10
14
1
28
13
69
85
4
1
11
2
26
-1
4
-1
13
14
14
1
2
2
4
3
2
5
35
2
65
4
59
84
4
84
2
1
3
-1
5
-1
191
4
4
60
2
-1
-1
1
10
1
11
86
24
14
-1
30
30
-1
10
10
47
11
15
9
-1
3
-1
-1
-1
-1
-1
-1
-1
-1
-1
-1
-1
-1
28
2
5
37
3
-1
4
4
1
1
32
13
1
18
2
6
5
10
6
26
1
4
11
24
24
13
28
3
1
21
14
8
16
17
27
1
45
1
26
2
94
105
83
145
43
25589
6
4
9
124
23
43
16
11
36
23
13
3
32
2
4
18
11
3
4
12
6
46
18
19
18
37
24
9
9
4
1
11
123
1
3
21
6
1
20
1
203
21
14
31
51
8
9
7
26
113
27
138
139
90
71
-1
-1
2
18
-1
-1
-1
-1
-1
-1
-1
-1
-1
-1
-1
-1
-1
-1
-1
7
217
1
20
5
4
10
-1
22
2
-1
5
9
9
1
43
80
15
24
7
11
18
23
6
2
21
42
24
3
2
22
4893
8
7
29
-1
13
1
80
23
5
4
4
57
314
2
8
8
1
47
-1
2
29
6
21
3
5
23
1
9
-1
6
-1
1
5
1
11
11
40
1
8
45
1
8
22
58
6
22
13
5
66
3
60
34
57
38
23
47
4
303
-1
75
64
7
1
9
19
3
63
45
-1
3
2
7
3
-1
-1
-1
-1
-1
-1
-1
-1
-1
-1
-1
-1
-1
-1
-1
9
3
4
9
2
19
94
19
1
29
6
80
1
5
8
5
4
13
10
51
52
1
3
15
2
-1
13
18
12
57
-1
2
103
14
4
20
-1
-1
7
10
6
12
179
-1
1
35
7
16
1
3
5
2
7
-1
28
15
72
2
8
1
9
19
10
2
1
71
7
1
33
38
31
112
17
-1
1
197
43
6
2
47
35
5
76
14
278
-1
-1
4
56
177
16
42
110
3
29
1
4
3
2
-1
12
1
18
1
10
150
27
-1
-1
32
-1
-1
-1
-1
-1
-1
-1
-1
-1
-1
7
13
25
17
-1
42
15
10
39
1
34
8
33
4
14
5
40
155
18
10
-1
21
3
14
8
64
10
13
3
21
72
30
73
2168
3
38
7
172
81
-1
3
39
18
2
2
1
1
61
1
3
20
19
3
125
11
17
30
4
1
1
-1
3
-1
52
9
20
32
10
3
6
2
20
26
1
2
27
17
6
7
5
84
266
1
23
6
1
-1
4
18
70
-1
-1
13
4
6
19
12
5
29
7
34
16
1
1
217
46
1
3
-1
10
14
-1
-1
-1
-1
-1
-1
-1
-1
-1
